# JRE version: Java(TM) SE Runtime Environment (8.0_202-b08) (build 1.8.0_202-b08)
# Java VM: Java HotSpot(TM) 64-Bit Server VM (25.202-b08 mixed mode windows-amd64 compressed oops)
Heap:
 PSYoungGen      total 18432K, used 7296K [0x00000000ebe00000, 0x00000000ed280000, 0x0000000100000000)
  eden space 15872K, 30% used [0x00000000ebe00000,0x00000000ec2a8150,0x00000000ecd80000)
  from space 2560K, 98% used [0x00000000ed000000,0x00000000ed278010,0x00000000ed280000)
  to   space 2560K, 0% used [0x00000000ecd80000,0x00000000ecd80000,0x00000000ed000000)
 ParOldGen       total 30208K, used 2910K [0x00000000c3a00000, 0x00000000c5780000, 0x00000000ebe00000)
  object space 30208K, 9% used [0x00000000c3a00000,0x00000000c3cd7a00,0x00000000c5780000)
 Metaspace       used 10633K, capacity 10876K, committed 11136K, reserved 1062912K
  class space    used 1249K, capacity 1362K, committed 1408K, reserved 1048576K
GC Heap History (6 events):
Event: 0.844 GC heap before
{Heap before GC invocations=1 (full 0):
 PSYoungGen      total 18432K, used 12183K [0x00000000ebe00000, 0x00000000ed280000, 0x0000000100000000)
  eden space 15872K, 76% used [0x00000000ebe00000,0x00000000ec9e5c30,0x00000000ecd80000)
  from space 2560K, 0% used [0x00000000ed000000,0x00000000ed000000,0x00000000ed280000)
  to   space 2560K, 0% used [0x00000000ecd80000,0x00000000ecd80000,0x00000000ed000000)
 ParOldGen       total 42496K, used 0K [0x00000000c3a00000, 0x00000000c6380000, 0x00000000ebe00000)
  object space 42496K, 0% used [0x00000000c3a00000,0x00000000c3a00000,0x00000000c6380000)
 Metaspace       used 7687K, capacity 7836K, committed 7936K, reserved 1064960K
  class space    used 892K, capacity 954K, committed 1024K, reserved 1048576K
Event: 0.849 GC heap after
Heap after GC invocations=1 (full 0):
 PSYoungGen      total 18432K, used 2528K [0x00000000ebe00000, 0x00000000ed280000, 0x0000000100000000)
  eden space 15872K, 0% used [0x00000000ebe00000,0x00000000ebe00000,0x00000000ecd80000)
  from space 2560K, 98% used [0x00000000ecd80000,0x00000000ecff8138,0x00000000ed000000)
  to   space 2560K, 0% used [0x00000000ed000000,0x00000000ed000000,0x00000000ed280000)
 ParOldGen       total 42496K, used 8K [0x00000000c3a00000, 0x00000000c6380000, 0x00000000ebe00000)
  object space 42496K, 0% used [0x00000000c3a00000,0x00000000c3a02000,0x00000000c6380000)
 Metaspace       used 7687K, capacity 7836K, committed 7936K, reserved 1064960K
  class space    used 892K, capacity 954K, committed 1024K, reserved 1048576K
}
Event: 0.849 GC heap before
{Heap before GC invocations=2 (full 1):
 PSYoungGen      total 18432K, used 2528K [0x00000000ebe00000, 0x00000000ed280000, 0x0000000100000000)
  eden space 15872K, 0% used [0x00000000ebe00000,0x00000000ebe00000,0x00000000ecd80000)
  from space 2560K, 98% used [0x00000000ecd80000,0x00000000ecff8138,0x00000000ed000000)
  to   space 2560K, 0% used [0x00000000ed000000,0x00000000ed000000,0x00000000ed280000)
 ParOldGen       total 42496K, used 8K [0x00000000c3a00000, 0x00000000c6380000, 0x00000000ebe00000)
  object space 42496K, 0% used [0x00000000c3a00000,0x00000000c3a02000,0x00000000c6380000)
 Metaspace       used 7687K, capacity 7836K, committed 7936K, reserved 1064960K
  class space    used 892K, capacity 954K, committed 1024K, reserved 1048576K
Event: 0.862 GC heap after
Heap after GC invocations=2 (full 1):
 PSYoungGen      total 18432K, used 0K [0x00000000ebe00000, 0x00000000ed280000, 0x0000000100000000)
  eden space 15872K, 0% used [0x00000000ebe00000,0x00000000ebe00000,0x00000000ecd80000)
  from space 2560K, 0% used [0x00000000ecd80000,0x00000000ecd80000,0x00000000ed000000)
  to   space 2560K, 0% used [0x00000000ed000000,0x00000000ed000000,0x00000000ed280000)
 ParOldGen       total 30208K, used 2374K [0x00000000c3a00000, 0x00000000c5780000, 0x00000000ebe00000)
  object space 30208K, 7% used [0x00000000c3a00000,0x00000000c3c51980,0x00000000c5780000)
 Metaspace       used 7687K, capacity 7836K, committed 7936K, reserved 1060864K
  class space    used 892K, capacity 954K, committed 1024K, reserved 1048576K
}
Event: 1.560 GC heap before
{Heap before GC invocations=3 (full 1):
 PSYoungGen      total 18432K, used 15872K [0x00000000ebe00000, 0x00000000ed280000, 0x0000000100000000)
  eden space 15872K, 100% used [0x00000000ebe00000,0x00000000ecd80000,0x00000000ecd80000)
  from space 2560K, 0% used [0x00000000ecd80000,0x00000000ecd80000,0x00000000ed000000)
  to   space 2560K, 0% used [0x00000000ed000000,0x00000000ed000000,0x00000000ed280000)
 ParOldGen       total 30208K, used 2374K [0x00000000c3a00000, 0x00000000c5780000, 0x00000000ebe00000)
  object space 30208K, 7% used [0x00000000c3a00000,0x00000000c3c51980,0x00000000c5780000)
 Metaspace       used 9962K, capacity 10134K, committed 10240K, reserved 1060864K
  class space    used 1170K, capacity 1263K, committed 1280K, reserved 1048576K
Event: 1.564 GC heap after
Heap after GC invocations=3 (full 1):
 PSYoungGen      total 18432K, used 2528K [0x00000000ebe00000, 0x00000000ed280000, 0x0000000100000000)
  eden space 15872K, 0% used [0x00000000ebe00000,0x00000000ebe00000,0x00000000ecd80000)
  from space 2560K, 98% used [0x00000000ed000000,0x00000000ed278010,0x00000000ed280000)
  to   space 2560K, 0% used [0x00000000ecd80000,0x00000000ecd80000,0x00000000ed000000)
 ParOldGen       total 30208K, used 2910K [0x00000000c3a00000, 0x00000000c5780000, 0x00000000ebe00000)
  object space 30208K, 9% used [0x00000000c3a00000,0x00000000c3cd7a00,0x00000000c5780000)
 Metaspace       used 9962K, capacity 10134K, committed 10240K, reserved 1060864K
  class space    used 1170K, capacity 1263K, committed 1280K, reserved 1048576K
}

