# JRE version: Java(TM) SE Runtime Environment (8.0_202-b08) (build 1.8.0_202-b08)
# Java VM: Java HotSpot(TM) 64-Bit Server VM (25.202-b08 mixed mode windows-amd64 compressed oops)
Heap:
 PSYoungGen      total 18432K, used 14333K [0x00000000ebe00000, 0x00000000ed280000, 0x0000000100000000)
  eden space 15872K, 90% used [0x00000000ebe00000,0x00000000ecbff648,0x00000000ecd80000)
  from space 2560K, 0% used [0x00000000ecd80000,0x00000000ecd80000,0x00000000ed000000)
  to   space 2560K, 0% used [0x00000000ed000000,0x00000000ed000000,0x00000000ed280000)
 ParOldGen       total 29696K, used 1870K [0x00000000c3a00000, 0x00000000c5700000, 0x00000000ebe00000)
  object space 29696K, 6% used [0x00000000c3a00000,0x00000000c3bd3bc0,0x00000000c5700000)
 Metaspace       used 9575K, capacity 9832K, committed 9984K, reserved 1062912K
  class space    used 1109K, capacity 1228K, committed 1280K, reserved 1048576K
GC Heap History (4 events):
Event: 0.649 GC heap before
{Heap before GC invocations=1 (full 0):
 PSYoungGen      total 18432K, used 9323K [0x00000000ebe00000, 0x00000000ed280000, 0x0000000100000000)
  eden space 15872K, 58% used [0x00000000ebe00000,0x00000000ec71ac08,0x00000000ecd80000)
  from space 2560K, 0% used [0x00000000ed000000,0x00000000ed000000,0x00000000ed280000)
  to   space 2560K, 0% used [0x00000000ecd80000,0x00000000ecd80000,0x00000000ed000000)
 ParOldGen       total 42496K, used 0K [0x00000000c3a00000, 0x00000000c6380000, 0x00000000ebe00000)
  object space 42496K, 0% used [0x00000000c3a00000,0x00000000c3a00000,0x00000000c6380000)
 Metaspace       used 6001K, capacity 6058K, committed 6144K, reserved 1062912K
  class space    used 685K, capacity 721K, committed 768K, reserved 1048576K
Event: 0.653 GC heap after
Heap after GC invocations=1 (full 0):
 PSYoungGen      total 18432K, used 1954K [0x00000000ebe00000, 0x00000000ed280000, 0x0000000100000000)
  eden space 15872K, 0% used [0x00000000ebe00000,0x00000000ebe00000,0x00000000ecd80000)
  from space 2560K, 76% used [0x00000000ecd80000,0x00000000ecf68920,0x00000000ed000000)
  to   space 2560K, 0% used [0x00000000ed000000,0x00000000ed000000,0x00000000ed280000)
 ParOldGen       total 42496K, used 8K [0x00000000c3a00000, 0x00000000c6380000, 0x00000000ebe00000)
  object space 42496K, 0% used [0x00000000c3a00000,0x00000000c3a02000,0x00000000c6380000)
 Metaspace       used 6001K, capacity 6058K, committed 6144K, reserved 1062912K
  class space    used 685K, capacity 721K, committed 768K, reserved 1048576K
}
Event: 0.653 GC heap before
{Heap before GC invocations=2 (full 1):
 PSYoungGen      total 18432K, used 1954K [0x00000000ebe00000, 0x00000000ed280000, 0x0000000100000000)
  eden space 15872K, 0% used [0x00000000ebe00000,0x00000000ebe00000,0x00000000ecd80000)
  from space 2560K, 76% used [0x00000000ecd80000,0x00000000ecf68920,0x00000000ed000000)
  to   space 2560K, 0% used [0x00000000ed000000,0x00000000ed000000,0x00000000ed280000)
 ParOldGen       total 42496K, used 8K [0x00000000c3a00000, 0x00000000c6380000, 0x00000000ebe00000)
  object space 42496K, 0% used [0x00000000c3a00000,0x00000000c3a02000,0x00000000c6380000)
 Metaspace       used 6001K, capacity 6058K, committed 6144K, reserved 1062912K
  class space    used 685K, capacity 721K, committed 768K, reserved 1048576K
Event: 0.662 GC heap after
Heap after GC invocations=2 (full 1):
 PSYoungGen      total 18432K, used 0K [0x00000000ebe00000, 0x00000000ed280000, 0x0000000100000000)
  eden space 15872K, 0% used [0x00000000ebe00000,0x00000000ebe00000,0x00000000ecd80000)
  from space 2560K, 0% used [0x00000000ecd80000,0x00000000ecd80000,0x00000000ed000000)
  to   space 2560K, 0% used [0x00000000ed000000,0x00000000ed000000,0x00000000ed280000)
 ParOldGen       total 29696K, used 1870K [0x00000000c3a00000, 0x00000000c5700000, 0x00000000ebe00000)
  object space 29696K, 6% used [0x00000000c3a00000,0x00000000c3bd3bc0,0x00000000c5700000)
 Metaspace       used 6001K, capacity 6058K, committed 6144K, reserved 1060864K
  class space    used 685K, capacity 721K, committed 768K, reserved 1048576K
}

