# JRE version: Java(TM) SE Runtime Environment (8.0_202-b08) (build 1.8.0_202-b08)
# Java VM: Java HotSpot(TM) 64-Bit Server VM (25.202-b08 mixed mode windows-amd64 compressed oops)
Heap:
 PSYoungGen      total 18432K, used 6746K [0x00000000ebe00000, 0x00000000ee200000, 0x0000000100000000)
  eden space 15872K, 42% used [0x00000000ebe00000,0x00000000ec496b18,0x00000000ecd80000)
  from space 2560K, 0% used [0x00000000ed000000,0x00000000ed000000,0x00000000ed280000)
  to   space 2560K, 0% used [0x00000000ecd80000,0x00000000ecd80000,0x00000000ed000000)
 ParOldGen       total 58880K, used 23959K [0x00000000c3a00000, 0x00000000c7380000, 0x00000000ebe00000)
  object space 58880K, 40% used [0x00000000c3a00000,0x00000000c5165c30,0x00000000c7380000)
 Metaspace       used 14251K, capacity 14536K, committed 14848K, reserved 1062912K
  class space    used 1686K, capacity 1764K, committed 1792K, reserved 1048576K
GC Heap History (10 events):
Event: 3.414 GC heap before
{Heap before GC invocations=3 (full 0):
 PSYoungGen      total 18432K, used 18416K [0x00000000ebe00000, 0x00000000ed280000, 0x0000000100000000)
  eden space 15872K, 100% used [0x00000000ebe00000,0x00000000ecd80000,0x00000000ecd80000)
  from space 2560K, 99% used [0x00000000ed000000,0x00000000ed27c020,0x00000000ed280000)
  to   space 2560K, 0% used [0x00000000ecd80000,0x00000000ecd80000,0x00000000ed000000)
 ParOldGen       total 42496K, used 2992K [0x00000000c3a00000, 0x00000000c6380000, 0x00000000ebe00000)
  object space 42496K, 7% used [0x00000000c3a00000,0x00000000c3cec1f8,0x00000000c6380000)
 Metaspace       used 12766K, capacity 13040K, committed 13440K, reserved 1060864K
  class space    used 1499K, capacity 1594K, committed 1664K, reserved 1048576K
Event: 3.420 GC heap after
Heap after GC invocations=3 (full 0):
 PSYoungGen      total 18432K, used 2545K [0x00000000ebe00000, 0x00000000ed280000, 0x0000000100000000)
  eden space 15872K, 0% used [0x00000000ebe00000,0x00000000ebe00000,0x00000000ecd80000)
  from space 2560K, 99% used [0x00000000ecd80000,0x00000000ecffc4b0,0x00000000ed000000)
  to   space 2560K, 0% used [0x00000000ed000000,0x00000000ed000000,0x00000000ed280000)
 ParOldGen       total 42496K, used 6604K [0x00000000c3a00000, 0x00000000c6380000, 0x00000000ebe00000)
  object space 42496K, 15% used [0x00000000c3a00000,0x00000000c40733b8,0x00000000c6380000)
 Metaspace       used 12766K, capacity 13040K, committed 13440K, reserved 1060864K
  class space    used 1499K, capacity 1594K, committed 1664K, reserved 1048576K
}
Event: 3.569 GC heap before
{Heap before GC invocations=4 (full 0):
 PSYoungGen      total 18432K, used 18417K [0x00000000ebe00000, 0x00000000ed280000, 0x0000000100000000)
  eden space 15872K, 100% used [0x00000000ebe00000,0x00000000ecd80000,0x00000000ecd80000)
  from space 2560K, 99% used [0x00000000ecd80000,0x00000000ecffc4b0,0x00000000ed000000)
  to   space 2560K, 0% used [0x00000000ed000000,0x00000000ed000000,0x00000000ed280000)
 ParOldGen       total 42496K, used 6604K [0x00000000c3a00000, 0x00000000c6380000, 0x00000000ebe00000)
  object space 42496K, 15% used [0x00000000c3a00000,0x00000000c40733b8,0x00000000c6380000)
 Metaspace       used 13184K, capacity 13456K, committed 13696K, reserved 1060864K
  class space    used 1530K, capacity 1626K, committed 1664K, reserved 1048576K
Event: 3.575 GC heap after
Heap after GC invocations=4 (full 0):
 PSYoungGen      total 18432K, used 2528K [0x00000000ebe00000, 0x00000000ee200000, 0x0000000100000000)
  eden space 15872K, 0% used [0x00000000ebe00000,0x00000000ebe00000,0x00000000ecd80000)
  from space 2560K, 98% used [0x00000000ed000000,0x00000000ed278260,0x00000000ed280000)
  to   space 2560K, 0% used [0x00000000ecd80000,0x00000000ecd80000,0x00000000ed000000)
 ParOldGen       total 42496K, used 10479K [0x00000000c3a00000, 0x00000000c6380000, 0x00000000ebe00000)
  object space 42496K, 24% used [0x00000000c3a00000,0x00000000c443bfd0,0x00000000c6380000)
 Metaspace       used 13184K, capacity 13456K, committed 13696K, reserved 1060864K
  class space    used 1530K, capacity 1626K, committed 1664K, reserved 1048576K
}
Event: 3.841 GC heap before
{Heap before GC invocations=5 (full 0):
 PSYoungGen      total 18432K, used 18400K [0x00000000ebe00000, 0x00000000ee200000, 0x0000000100000000)
  eden space 15872K, 100% used [0x00000000ebe00000,0x00000000ecd80000,0x00000000ecd80000)
  from space 2560K, 98% used [0x00000000ed000000,0x00000000ed278260,0x00000000ed280000)
  to   space 2560K, 0% used [0x00000000ecd80000,0x00000000ecd80000,0x00000000ed000000)
 ParOldGen       total 42496K, used 10479K [0x00000000c3a00000, 0x00000000c6380000, 0x00000000ebe00000)
  object space 42496K, 24% used [0x00000000c3a00000,0x00000000c443bfd0,0x00000000c6380000)
 Metaspace       used 14022K, capacity 14288K, committed 14592K, reserved 1062912K
  class space    used 1666K, capacity 1754K, committed 1792K, reserved 1048576K
Event: 3.858 GC heap after
Heap after GC invocations=5 (full 0):
 PSYoungGen      total 18432K, used 2544K [0x00000000ebe00000, 0x00000000ee200000, 0x0000000100000000)
  eden space 15872K, 0% used [0x00000000ebe00000,0x00000000ebe00000,0x00000000ecd80000)
  from space 2560K, 99% used [0x00000000ecd80000,0x00000000ecffc260,0x00000000ed000000)
  to   space 2560K, 0% used [0x00000000ed000000,0x00000000ed000000,0x00000000ed280000)
 ParOldGen       total 42496K, used 24970K [0x00000000c3a00000, 0x00000000c6380000, 0x00000000ebe00000)
  object space 42496K, 58% used [0x00000000c3a00000,0x00000000c5262a80,0x00000000c6380000)
 Metaspace       used 14022K, capacity 14288K, committed 14592K, reserved 1062912K
  class space    used 1666K, capacity 1754K, committed 1792K, reserved 1048576K
}
Event: 4.009 GC heap before
{Heap before GC invocations=6 (full 0):
 PSYoungGen      total 18432K, used 18416K [0x00000000ebe00000, 0x00000000ee200000, 0x0000000100000000)
  eden space 15872K, 100% used [0x00000000ebe00000,0x00000000ecd80000,0x00000000ecd80000)
  from space 2560K, 99% used [0x00000000ecd80000,0x00000000ecffc260,0x00000000ed000000)
  to   space 2560K, 0% used [0x00000000ed000000,0x00000000ed000000,0x00000000ed280000)
 ParOldGen       total 42496K, used 24970K [0x00000000c3a00000, 0x00000000c6380000, 0x00000000ebe00000)
  object space 42496K, 58% used [0x00000000c3a00000,0x00000000c5262a80,0x00000000c6380000)
 Metaspace       used 14113K, capacity 14352K, committed 14592K, reserved 1062912K
  class space    used 1667K, capacity 1754K, committed 1792K, reserved 1048576K
Event: 4.021 GC heap after
Heap after GC invocations=6 (full 0):
 PSYoungGen      total 18432K, used 2528K [0x00000000ebe00000, 0x00000000ee200000, 0x0000000100000000)
  eden space 15872K, 0% used [0x00000000ebe00000,0x00000000ebe00000,0x00000000ecd80000)
  from space 2560K, 98% used [0x00000000ed000000,0x00000000ed278010,0x00000000ed280000)
  to   space 2560K, 0% used [0x00000000ecd80000,0x00000000ecd80000,0x00000000ed000000)
 ParOldGen       total 42496K, used 31092K [0x00000000c3a00000, 0x00000000c6380000, 0x00000000ebe00000)
  object space 42496K, 73% used [0x00000000c3a00000,0x00000000c585d260,0x00000000c6380000)
 Metaspace       used 14113K, capacity 14352K, committed 14592K, reserved 1062912K
  class space    used 1667K, capacity 1754K, committed 1792K, reserved 1048576K
}
Event: 4.021 GC heap before
{Heap before GC invocations=7 (full 1):
 PSYoungGen      total 18432K, used 2528K [0x00000000ebe00000, 0x00000000ee200000, 0x0000000100000000)
  eden space 15872K, 0% used [0x00000000ebe00000,0x00000000ebe00000,0x00000000ecd80000)
  from space 2560K, 98% used [0x00000000ed000000,0x00000000ed278010,0x00000000ed280000)
  to   space 2560K, 0% used [0x00000000ecd80000,0x00000000ecd80000,0x00000000ed000000)
 ParOldGen       total 42496K, used 31092K [0x00000000c3a00000, 0x00000000c6380000, 0x00000000ebe00000)
  object space 42496K, 73% used [0x00000000c3a00000,0x00000000c585d260,0x00000000c6380000)
 Metaspace       used 14113K, capacity 14352K, committed 14592K, reserved 1062912K
  class space    used 1667K, capacity 1754K, committed 1792K, reserved 1048576K
Event: 4.116 GC heap after
Heap after GC invocations=7 (full 1):
 PSYoungGen      total 18432K, used 0K [0x00000000ebe00000, 0x00000000ee200000, 0x0000000100000000)
  eden space 15872K, 0% used [0x00000000ebe00000,0x00000000ebe00000,0x00000000ecd80000)
  from space 2560K, 0% used [0x00000000ed000000,0x00000000ed000000,0x00000000ed280000)
  to   space 2560K, 0% used [0x00000000ecd80000,0x00000000ecd80000,0x00000000ed000000)
 ParOldGen       total 58880K, used 23959K [0x00000000c3a00000, 0x00000000c7380000, 0x00000000ebe00000)
  object space 58880K, 40% used [0x00000000c3a00000,0x00000000c5165c30,0x00000000c7380000)
 Metaspace       used 14113K, capacity 14352K, committed 14592K, reserved 1062912K
  class space    used 1667K, capacity 1754K, committed 1792K, reserved 1048576K
}

